# JRE version: 7.0_05-b05
# Java VM: Java HotSpot(TM) 64-Bit Server VM (23.1-b03 mixed mode windows-amd64 compressed oops)
Heap
 PSYoungGen      total 7168K, used 1654K [0x00000000d5e00000, 0x00000000d6540000, 0x0000000000000000)
  eden space 6912K, 21% used [0x00000000d5e00000,0x00000000d5f6d810,0x00000000d64c0000)
  from space 256K, 75% used [0x00000000d64c0000,0x00000000d64f0000,0x00000000d6500000)
  to   space 256K, 0% used [0x00000000d6500000,0x00000000d6500000,0x00000000d6540000)
 ParOldGen       total 86272K, used 49096K [0x0000000081a00000, 0x0000000086e40000, 0x00000000d5e00000)
  object space 86272K, 56% used [0x0000000081a00000,0x00000000849f2238,0x0000000086e40000)
 PSPermGen       total 21248K, used 15385K [0x000000007c800000, 0x000000007dcc0000, 0x0000000081a00000)
  object space 21248K, 72% used [0x000000007c800000,0x000000007d706468,0x000000007dcc0000)
GC Heap History (10 events):
Event: 554.834 GC heap before
{Heap before GC invocations=741 (full 0):
 PSYoungGen      total 7168K, used 7072K [0x00000000d5e00000, 0x00000000d6540000, 0x0000000000000000)
  eden space 6912K, 100% used [0x00000000d5e00000,0x00000000d64c0000,0x00000000d64c0000)
  from space 256K, 62% used [0x00000000d6500000,0x00000000d6528000,0x00000000d6540000)
  to   space 256K, 0% used [0x00000000d64c0000,0x00000000d64c0000,0x00000000d6500000)
 ParOldGen       total 86272K, used 48824K [0x0000000081a00000, 0x0000000086e40000, 0x00000000d5e00000)
  object space 86272K, 56% used [0x0000000081a00000,0x00000000849ae238,0x0000000086e40000)
 PSPermGen       total 21248K, used 15384K [0x000000007c800000, 0x000000007dcc0000, 0x0000000081a00000)
  object space 21248K, 72% used [0x000000007c800000,0x000000007d706208,0x000000007dcc0000)
Event: 554.835 GC heap after
Heap after GC invocations=741 (full 0):
 PSYoungGen      total 7168K, used 192K [0x00000000d5e00000, 0x00000000d6540000, 0x0000000000000000)
  eden space 6912K, 0% used [0x00000000d5e00000,0x00000000d5e00000,0x00000000d64c0000)
  from space 256K, 75% used [0x00000000d64c0000,0x00000000d64f0000,0x00000000d6500000)
  to   space 256K, 0% used [0x00000000d6500000,0x00000000d6500000,0x00000000d6540000)
 ParOldGen       total 86272K, used 48880K [0x0000000081a00000, 0x0000000086e40000, 0x00000000d5e00000)
  object space 86272K, 56% used [0x0000000081a00000,0x00000000849bc238,0x0000000086e40000)
 PSPermGen       total 21248K, used 15384K [0x000000007c800000, 0x000000007dcc0000, 0x0000000081a00000)
  object space 21248K, 72% used [0x000000007c800000,0x000000007d706208,0x000000007dcc0000)
}
Event: 555.433 GC heap before
{Heap before GC invocations=742 (full 0):
 PSYoungGen      total 7168K, used 7100K [0x00000000d5e00000, 0x00000000d6540000, 0x0000000000000000)
  eden space 6912K, 99% used [0x00000000d5e00000,0x00000000d64bf330,0x00000000d64c0000)
  from space 256K, 75% used [0x00000000d64c0000,0x00000000d64f0000,0x00000000d6500000)
  to   space 256K, 0% used [0x00000000d6500000,0x00000000d6500000,0x00000000d6540000)
 ParOldGen       total 86272K, used 48880K [0x0000000081a00000, 0x0000000086e40000, 0x00000000d5e00000)
  object space 86272K, 56% used [0x0000000081a00000,0x00000000849bc238,0x0000000086e40000)
 PSPermGen       total 21248K, used 15384K [0x000000007c800000, 0x000000007dcc0000, 0x0000000081a00000)
  object space 21248K, 72% used [0x000000007c800000,0x000000007d706208,0x000000007dcc0000)
Event: 555.434 GC heap after
Heap after GC invocations=742 (full 0):
 PSYoungGen      total 7168K, used 192K [0x00000000d5e00000, 0x00000000d6540000, 0x0000000000000000)
  eden space 6912K, 0% used [0x00000000d5e00000,0x00000000d5e00000,0x00000000d64c0000)
  from space 256K, 75% used [0x00000000d6500000,0x00000000d6530000,0x00000000d6540000)
  to   space 256K, 0% used [0x00000000d64c0000,0x00000000d64c0000,0x00000000d6500000)
 ParOldGen       total 86272K, used 48944K [0x0000000081a00000, 0x0000000086e40000, 0x00000000d5e00000)
  object space 86272K, 56% used [0x0000000081a00000,0x00000000849cc238,0x0000000086e40000)
 PSPermGen       total 21248K, used 15384K [0x000000007c800000, 0x000000007dcc0000, 0x0000000081a00000)
  object space 21248K, 72% used [0x000000007c800000,0x000000007d706208,0x000000007dcc0000)
}
Event: 556.050 GC heap before
{Heap before GC invocations=743 (full 0):
 PSYoungGen      total 7168K, used 7104K [0x00000000d5e00000, 0x00000000d6540000, 0x0000000000000000)
  eden space 6912K, 100% used [0x00000000d5e00000,0x00000000d64c0000,0x00000000d64c0000)
  from space 256K, 75% used [0x00000000d6500000,0x00000000d6530000,0x00000000d6540000)
  to   space 256K, 0% used [0x00000000d64c0000,0x00000000d64c0000,0x00000000d6500000)
 ParOldGen       total 86272K, used 48944K [0x0000000081a00000, 0x0000000086e40000, 0x00000000d5e00000)
  object space 86272K, 56% used [0x0000000081a00000,0x00000000849cc238,0x0000000086e40000)
 PSPermGen       total 21248K, used 15384K [0x000000007c800000, 0x000000007dcc0000, 0x0000000081a00000)
  object space 21248K, 72% used [0x000000007c800000,0x000000007d706208,0x000000007dcc0000)
Event: 556.051 GC heap after
Heap after GC invocations=743 (full 0):
 PSYoungGen      total 7168K, used 160K [0x00000000d5e00000, 0x00000000d6540000, 0x0000000000000000)
  eden space 6912K, 0% used [0x00000000d5e00000,0x00000000d5e00000,0x00000000d64c0000)
  from space 256K, 62% used [0x00000000d64c0000,0x00000000d64e8000,0x00000000d6500000)
  to   space 256K, 0% used [0x00000000d6500000,0x00000000d6500000,0x00000000d6540000)
 ParOldGen       total 86272K, used 48992K [0x0000000081a00000, 0x0000000086e40000, 0x00000000d5e00000)
  object space 86272K, 56% used [0x0000000081a00000,0x00000000849d8238,0x0000000086e40000)
 PSPermGen       total 21248K, used 15384K [0x000000007c800000, 0x000000007dcc0000, 0x0000000081a00000)
  object space 21248K, 72% used [0x000000007c800000,0x000000007d706208,0x000000007dcc0000)
}
Event: 556.649 GC heap before
{Heap before GC invocations=744 (full 0):
 PSYoungGen      total 7168K, used 7072K [0x00000000d5e00000, 0x00000000d6540000, 0x0000000000000000)
  eden space 6912K, 100% used [0x00000000d5e00000,0x00000000d64c0000,0x00000000d64c0000)
  from space 256K, 62% used [0x00000000d64c0000,0x00000000d64e8000,0x00000000d6500000)
  to   space 256K, 0% used [0x00000000d6500000,0x00000000d6500000,0x00000000d6540000)
 ParOldGen       total 86272K, used 48992K [0x0000000081a00000, 0x0000000086e40000, 0x00000000d5e00000)
  object space 86272K, 56% used [0x0000000081a00000,0x00000000849d8238,0x0000000086e40000)
 PSPermGen       total 21248K, used 15384K [0x000000007c800000, 0x000000007dcc0000, 0x0000000081a00000)
  object space 21248K, 72% used [0x000000007c800000,0x000000007d706208,0x000000007dcc0000)
Event: 556.651 GC heap after
Heap after GC invocations=744 (full 0):
 PSYoungGen      total 7168K, used 160K [0x00000000d5e00000, 0x00000000d6540000, 0x0000000000000000)
  eden space 6912K, 0% used [0x00000000d5e00000,0x00000000d5e00000,0x00000000d64c0000)
  from space 256K, 62% used [0x00000000d6500000,0x00000000d6528000,0x00000000d6540000)
  to   space 256K, 0% used [0x00000000d64c0000,0x00000000d64c0000,0x00000000d6500000)
 ParOldGen       total 86272K, used 49048K [0x0000000081a00000, 0x0000000086e40000, 0x00000000d5e00000)
  object space 86272K, 56% used [0x0000000081a00000,0x00000000849e6238,0x0000000086e40000)
 PSPermGen       total 21248K, used 15384K [0x000000007c800000, 0x000000007dcc0000, 0x0000000081a00000)
  object space 21248K, 72% used [0x000000007c800000,0x000000007d706208,0x000000007dcc0000)
}
Event: 628.731 GC heap before
{Heap before GC invocations=745 (full 0):
 PSYoungGen      total 7168K, used 7072K [0x00000000d5e00000, 0x00000000d6540000, 0x0000000000000000)
  eden space 6912K, 100% used [0x00000000d5e00000,0x00000000d64c0000,0x00000000d64c0000)
  from space 256K, 62% used [0x00000000d6500000,0x00000000d6528000,0x00000000d6540000)
  to   space 256K, 0% used [0x00000000d64c0000,0x00000000d64c0000,0x00000000d6500000)
 ParOldGen       total 86272K, used 49048K [0x0000000081a00000, 0x0000000086e40000, 0x00000000d5e00000)
  object space 86272K, 56% used [0x0000000081a00000,0x00000000849e6238,0x0000000086e40000)
 PSPermGen       total 21248K, used 15384K [0x000000007c800000, 0x000000007dcc0000, 0x0000000081a00000)
  object space 21248K, 72% used [0x000000007c800000,0x000000007d706208,0x000000007dcc0000)
Event: 628.732 GC heap after
Heap after GC invocations=745 (full 0):
 PSYoungGen      total 7168K, used 192K [0x00000000d5e00000, 0x00000000d6540000, 0x0000000000000000)
  eden space 6912K, 0% used [0x00000000d5e00000,0x00000000d5e00000,0x00000000d64c0000)
  from space 256K, 75% used [0x00000000d64c0000,0x00000000d64f0000,0x00000000d6500000)
  to   space 256K, 0% used [0x00000000d6500000,0x00000000d6500000,0x00000000d6540000)
 ParOldGen       total 86272K, used 49096K [0x0000000081a00000, 0x0000000086e40000, 0x00000000d5e00000)
  object space 86272K, 56% used [0x0000000081a00000,0x00000000849f2238,0x0000000086e40000)
 PSPermGen       total 21248K, used 15384K [0x000000007c800000, 0x000000007dcc0000, 0x0000000081a00000)
  object space 21248K, 72% used [0x000000007c800000,0x000000007d706208,0x000000007dcc0000)
}

