# JRE version: 7.0_25-b16
# Java VM: Java HotSpot(TM) Client VM (23.25-b01 mixed mode, sharing windows-x86 )
Heap
 def new generation   total 21504K, used 14136K [0x24540000, 0x25c90000, 0x29a90000)
  eden space 19136K,  63% used [0x24540000, 0x25130510, 0x257f0000)
  from space 2368K,  80% used [0x257f0000, 0x259cdec8, 0x25a40000)
  to   space 2368K,   0% used [0x25a40000, 0x25a40000, 0x25c90000)
 tenured generation   total 47608K, used 43976K [0x29a90000, 0x2c90e000, 0x34540000)
   the space 47608K,  92% used [0x29a90000, 0x2c5821e0, 0x2c582200, 0x2c90e000)
 compacting perm gen  total 12288K, used 2637K [0x34540000, 0x35140000, 0x38540000)
   the space 12288K,  21% used [0x34540000, 0x347d3448, 0x347d3600, 0x35140000)
    ro space 10240K,  42% used [0x38540000, 0x38984240, 0x38984400, 0x38f40000)
    rw space 12288K,  54% used [0x38f40000, 0x395c4d58, 0x395c4e00, 0x39b40000)
GC Heap History (10 events):
Event: 147.259 GC heap before
{Heap before GC invocations=107 (full 3):
 def new generation   total 21504K, used 21028K [0x24540000, 0x25c90000, 0x29a90000)
  eden space 19136K,  99% used [0x24540000, 0x257dd968, 0x257f0000)
  from space 2368K,  83% used [0x25a40000, 0x25c2b978, 0x25c90000)
  to   space 2368K,   0% used [0x257f0000, 0x257f0000, 0x25a40000)
 tenured generation   total 47608K, used 39584K [0x29a90000, 0x2c90e000, 0x34540000)
   the space 47608K,  83% used [0x29a90000, 0x2c138308, 0x2c138400, 0x2c90e000)
 compacting perm gen  total 12288K, used 2637K [0x34540000, 0x35140000, 0x38540000)
   the space 12288K,  21% used [0x34540000, 0x347d3448, 0x347d3600, 0x35140000)
    ro space 10240K,  42% used [0x38540000, 0x38984240, 0x38984400, 0x38f40000)
    rw space 12288K,  54% used [0x38f40000, 0x395c4d58, 0x395c4e00, 0x39b40000)
Event: 147.264 GC heap after
Heap after GC invocations=108 (full 3):
 def new generation   total 21504K, used 1991K [0x24540000, 0x25c90000, 0x29a90000)
  eden space 19136K,   0% used [0x24540000, 0x24540000, 0x257f0000)
  from space 2368K,  84% used [0x257f0000, 0x259e1d18, 0x25a40000)
  to   space 2368K,   0% used [0x25a40000, 0x25a40000, 0x25c90000)
 tenured generation   total 47608K, used 40395K [0x29a90000, 0x2c90e000, 0x34540000)
   the space 47608K,  84% used [0x29a90000, 0x2c202db0, 0x2c202e00, 0x2c90e000)
 compacting perm gen  total 12288K, used 2637K [0x34540000, 0x35140000, 0x38540000)
   the space 12288K,  21% used [0x34540000, 0x347d3448, 0x347d3600, 0x35140000)
    ro space 10240K,  42% used [0x38540000, 0x38984240, 0x38984400, 0x38f40000)
    rw space 12288K,  54% used [0x38f40000, 0x395c4d58, 0x395c4e00, 0x39b40000)
}
Event: 150.505 GC heap before
{Heap before GC invocations=108 (full 3):
 def new generation   total 21504K, used 21127K [0x24540000, 0x25c90000, 0x29a90000)
  eden space 19136K, 100% used [0x24540000, 0x257f0000, 0x257f0000)
  from space 2368K,  84% used [0x257f0000, 0x259e1d18, 0x25a40000)
  to   space 2368K,   0% used [0x25a40000, 0x25a40000, 0x25c90000)
 tenured generation   total 47608K, used 40395K [0x29a90000, 0x2c90e000, 0x34540000)
   the space 47608K,  84% used [0x29a90000, 0x2c202db0, 0x2c202e00, 0x2c90e000)
 compacting perm gen  total 12288K, used 2637K [0x34540000, 0x35140000, 0x38540000)
   the space 12288K,  21% used [0x34540000, 0x347d3448, 0x347d3600, 0x35140000)
    ro space 10240K,  42% used [0x38540000, 0x38984240, 0x38984400, 0x38f40000)
    rw space 12288K,  54% used [0x38f40000, 0x395c4d58, 0x395c4e00, 0x39b40000)
Event: 150.510 GC heap after
Heap after GC invocations=109 (full 3):
 def new generation   total 21504K, used 1997K [0x24540000, 0x25c90000, 0x29a90000)
  eden space 19136K,   0% used [0x24540000, 0x24540000, 0x257f0000)
  from space 2368K,  84% used [0x25a40000, 0x25c336b0, 0x25c90000)
  to   space 2368K,   0% used [0x257f0000, 0x257f0000, 0x25a40000)
 tenured generation   total 47608K, used 41281K [0x29a90000, 0x2c90e000, 0x34540000)
   the space 47608K,  86% used [0x29a90000, 0x2c2e0720, 0x2c2e0800, 0x2c90e000)
 compacting perm gen  total 12288K, used 2637K [0x34540000, 0x35140000, 0x38540000)
   the space 12288K,  21% used [0x34540000, 0x347d3448, 0x347d3600, 0x35140000)
    ro space 10240K,  42% used [0x38540000, 0x38984240, 0x38984400, 0x38f40000)
    rw space 12288K,  54% used [0x38f40000, 0x395c4d58, 0x395c4e00, 0x39b40000)
}
Event: 153.604 GC heap before
{Heap before GC invocations=109 (full 3):
 def new generation   total 21504K, used 21077K [0x24540000, 0x25c90000, 0x29a90000)
  eden space 19136K,  99% used [0x24540000, 0x257e2010, 0x257f0000)
  from space 2368K,  84% used [0x25a40000, 0x25c336b0, 0x25c90000)
  to   space 2368K,   0% used [0x257f0000, 0x257f0000, 0x25a40000)
 tenured generation   total 47608K, used 41281K [0x29a90000, 0x2c90e000, 0x34540000)
   the space 47608K,  86% used [0x29a90000, 0x2c2e0720, 0x2c2e0800, 0x2c90e000)
 compacting perm gen  total 12288K, used 2637K [0x34540000, 0x35140000, 0x38540000)
   the space 12288K,  21% used [0x34540000, 0x347d3448, 0x347d3600, 0x35140000)
    ro space 10240K,  42% used [0x38540000, 0x38984240, 0x38984400, 0x38f40000)
    rw space 12288K,  54% used [0x38f40000, 0x395c4d58, 0x395c4e00, 0x39b40000)
Event: 153.609 GC heap after
Heap after GC invocations=110 (full 3):
 def new generation   total 21504K, used 1996K [0x24540000, 0x25c90000, 0x29a90000)
  eden space 19136K,   0% used [0x24540000, 0x24540000, 0x257f0000)
  from space 2368K,  84% used [0x257f0000, 0x259e3200, 0x25a40000)
  to   space 2368K,   0% used [0x25a40000, 0x25a40000, 0x25c90000)
 tenured generation   total 47608K, used 42123K [0x29a90000, 0x2c90e000, 0x34540000)
   the space 47608K,  88% used [0x29a90000, 0x2c3b2f00, 0x2c3b3000, 0x2c90e000)
 compacting perm gen  total 12288K, used 2637K [0x34540000, 0x35140000, 0x38540000)
   the space 12288K,  21% used [0x34540000, 0x347d3448, 0x347d3600, 0x35140000)
    ro space 10240K,  42% used [0x38540000, 0x38984240, 0x38984400, 0x38f40000)
    rw space 12288K,  54% used [0x38f40000, 0x395c4d58, 0x395c4e00, 0x39b40000)
}
Event: 156.850 GC heap before
{Heap before GC invocations=110 (full 3):
 def new generation   total 21504K, used 21132K [0x24540000, 0x25c90000, 0x29a90000)
  eden space 19136K, 100% used [0x24540000, 0x257f0000, 0x257f0000)
  from space 2368K,  84% used [0x257f0000, 0x259e3200, 0x25a40000)
  to   space 2368K,   0% used [0x25a40000, 0x25a40000, 0x25c90000)
 tenured generation   total 47608K, used 42123K [0x29a90000, 0x2c90e000, 0x34540000)
   the space 47608K,  88% used [0x29a90000, 0x2c3b2f00, 0x2c3b3000, 0x2c90e000)
 compacting perm gen  total 12288K, used 2637K [0x34540000, 0x35140000, 0x38540000)
   the space 12288K,  21% used [0x34540000, 0x347d3448, 0x347d3600, 0x35140000)
    ro space 10240K,  42% used [0x38540000, 0x38984240, 0x38984400, 0x38f40000)
    rw space 12288K,  54% used [0x38f40000, 0x395c4d58, 0x395c4e00, 0x39b40000)
Event: 156.856 GC heap after
Heap after GC invocations=111 (full 3):
 def new generation   total 21504K, used 2002K [0x24540000, 0x25c90000, 0x29a90000)
  eden space 19136K,   0% used [0x24540000, 0x24540000, 0x257f0000)
  from space 2368K,  84% used [0x25a40000, 0x25c34898, 0x25c90000)
  to   space 2368K,   0% used [0x257f0000, 0x257f0000, 0x25a40000)
 tenured generation   total 47608K, used 43010K [0x29a90000, 0x2c90e000, 0x34540000)
   the space 47608K,  90% used [0x29a90000, 0x2c490870, 0x2c490a00, 0x2c90e000)
 compacting perm gen  total 12288K, used 2637K [0x34540000, 0x35140000, 0x38540000)
   the space 12288K,  21% used [0x34540000, 0x347d3448, 0x347d3600, 0x35140000)
    ro space 10240K,  42% used [0x38540000, 0x38984240, 0x38984400, 0x38f40000)
    rw space 12288K,  54% used [0x38f40000, 0x395c4d58, 0x395c4e00, 0x39b40000)
}
Event: 160.063 GC heap before
{Heap before GC invocations=111 (full 3):
 def new generation   total 21504K, used 21102K [0x24540000, 0x25c90000, 0x29a90000)
  eden space 19136K,  99% used [0x24540000, 0x257e7340, 0x257f0000)
  from space 2368K,  84% used [0x25a40000, 0x25c34898, 0x25c90000)
  to   space 2368K,   0% used [0x257f0000, 0x257f0000, 0x25a40000)
 tenured generation   total 47608K, used 43010K [0x29a90000, 0x2c90e000, 0x34540000)
   the space 47608K,  90% used [0x29a90000, 0x2c490870, 0x2c490a00, 0x2c90e000)
 compacting perm gen  total 12288K, used 2637K [0x34540000, 0x35140000, 0x38540000)
   the space 12288K,  21% used [0x34540000, 0x347d3448, 0x347d3600, 0x35140000)
    ro space 10240K,  42% used [0x38540000, 0x38984240, 0x38984400, 0x38f40000)
    rw space 12288K,  54% used [0x38f40000, 0x395c4d58, 0x395c4e00, 0x39b40000)
Event: 160.068 GC heap after
Heap after GC invocations=112 (full 3):
 def new generation   total 21504K, used 1911K [0x24540000, 0x25c90000, 0x29a90000)
  eden space 19136K,   0% used [0x24540000, 0x24540000, 0x257f0000)
  from space 2368K,  80% used [0x257f0000, 0x259cdec8, 0x25a40000)
  to   space 2368K,   0% used [0x25a40000, 0x25a40000, 0x25c90000)
 tenured generation   total 47608K, used 43976K [0x29a90000, 0x2c90e000, 0x34540000)
   the space 47608K,  92% used [0x29a90000, 0x2c5821e0, 0x2c582200, 0x2c90e000)
 compacting perm gen  total 12288K, used 2637K [0x34540000, 0x35140000, 0x38540000)
   the space 12288K,  21% used [0x34540000, 0x347d3448, 0x347d3600, 0x35140000)
    ro space 10240K,  42% used [0x38540000, 0x38984240, 0x38984400, 0x38f40000)
    rw space 12288K,  54% used [0x38f40000, 0x395c4d58, 0x395c4e00, 0x39b40000)
}

